<?xml version="1.0" encoding="UTF-8"?>
<testsuite name="com.geektrust.backend.GeektrustTest" tests="2" skipped="0" failures="0" errors="0" timestamp="2023-09-03T13:52:07" hostname="Tushar" time="0.08">
  <properties/>
  <testcase name="testRun()" classname="com.geektrust.backend.GeektrustTest" time="0.061"/>
  <testcase name="Application_Test()" classname="com.geektrust.backend.GeektrustTest" time="0.018"/>
  <system-out><![CDATA[]]></system-out>
  <system-err><![CDATA[]]></system-err>
</testsuite>
