<?xml version="1.0" encoding="UTF-8"?>
<testsuite name="com.geektrust.backend.Services.ValidityPlanServiceTest" tests="1" skipped="0" failures="0" errors="0" timestamp="2023-09-03T13:52:09" hostname="Tushar" time="0.001">
  <properties/>
  <testcase name="testTotalPriceCalculation()" classname="com.geektrust.backend.Services.ValidityPlanServiceTest" time="0.001"/>
  <system-out><![CDATA[]]></system-out>
  <system-err><![CDATA[]]></system-err>
</testsuite>
