<?xml version="1.0" encoding="UTF-8"?>
<testsuite name="com.geektrust.backend.Services.TopupServiceTest" tests="1" skipped="0" failures="0" errors="0" timestamp="2023-09-03T13:52:09" hostname="Tushar" time="0.065">
  <properties/>
  <testcase name="testCalculateTopUpPrice()" classname="com.geektrust.backend.Services.TopupServiceTest" time="0.065"/>
  <system-out><![CDATA[]]></system-out>
  <system-err><![CDATA[]]></system-err>
</testsuite>
