<?xml version="1.0" encoding="UTF-8"?>
<testsuite name="com.geektrust.backend.Services.SubscriptionServiceTest" tests="7" skipped="0" failures="0" errors="0" timestamp="2023-09-03T13:52:09" hostname="Tushar" time="0.024">
  <properties/>
  <testcase name="testMonthValidator()" classname="com.geektrust.backend.Services.SubscriptionServiceTest" time="0.01"/>
  <testcase name="testYearValidator()" classname="com.geektrust.backend.Services.SubscriptionServiceTest" time="0.002"/>
  <testcase name="testStartSubscription()" classname="com.geektrust.backend.Services.SubscriptionServiceTest" time="0.001"/>
  <testcase name="testDayValidatorEdgeCase()" classname="com.geektrust.backend.Services.SubscriptionServiceTest" time="0.001"/>
  <testcase name="testMonthValidatorEdgeCase()" classname="com.geektrust.backend.Services.SubscriptionServiceTest" time="0.001"/>
  <testcase name="testDayValidator()" classname="com.geektrust.backend.Services.SubscriptionServiceTest" time="0.001"/>
  <testcase name="testDayValidatorEdgeCase2()" classname="com.geektrust.backend.Services.SubscriptionServiceTest" time="0.001"/>
  <system-out><![CDATA[]]></system-out>
  <system-err><![CDATA[]]></system-err>
</testsuite>
