<?xml version="1.0" encoding="UTF-8"?>
<testsuite name="com.geektrust.backend.AppTest" tests="2" skipped="0" failures="0" errors="0" timestamp="2023-09-04T09:51:34" hostname="Tushar" time="0.068">
  <properties/>
  <testcase name="testRun()" classname="com.geektrust.backend.AppTest" time="0.049"/>
  <testcase name="Application_Test()" classname="com.geektrust.backend.AppTest" time="0.017"/>
  <system-out><![CDATA[]]></system-out>
  <system-err><![CDATA[]]></system-err>
</testsuite>
